0 info it worked if it ends with ok
1 verbose cli [ '/usr/bin/node', '/usr/bin/npm', 'install', '-g', 'less' ]
2 info using npm@1.4.28
3 info using node@v0.10.33
4 verbose node symlink /usr/bin/node
5 verbose cache add [ 'less', null ]
6 verbose cache add name=undefined spec="less" args=["less",null]
7 verbose parsed url { protocol: null,
7 verbose parsed url   slashes: null,
7 verbose parsed url   auth: null,
7 verbose parsed url   host: null,
7 verbose parsed url   port: null,
7 verbose parsed url   hostname: null,
7 verbose parsed url   hash: null,
7 verbose parsed url   search: null,
7 verbose parsed url   query: null,
7 verbose parsed url   pathname: 'less',
7 verbose parsed url   path: 'less',
7 verbose parsed url   href: 'less' }
8 silly lockFile 0b439cf4-less less
9 verbose lock less /root/.npm/0b439cf4-less.lock
10 silly lockFile 0b439cf4-less less
11 silly lockFile 0b439cf4-less less
12 verbose addNamed [ 'less', '' ]
13 verbose addNamed [ null, '*' ]
14 silly lockFile e13833ab-less less@
15 verbose lock less@ /root/.npm/e13833ab-less.lock
16 silly addNameRange { name: 'less', range: '*', hasData: false }
17 verbose request where is /less
18 verbose request registry https://registry.npmjs.org/
19 verbose request id ae12ac52cf3cf73d
20 verbose url raw /less
21 verbose url resolving [ 'https://registry.npmjs.org/', './less' ]
22 verbose url resolved https://registry.npmjs.org/less
23 verbose request where is https://registry.npmjs.org/less
24 info trying registry request attempt 1 at 15:45:18
25 http GET https://registry.npmjs.org/less
26 info retry will retry, error on last attempt: Error: read ECONNRESET
27 info trying registry request attempt 2 at 15:45:29
28 http GET https://registry.npmjs.org/less
29 info retry will retry, error on last attempt: Error: read ECONNRESET
30 info trying registry request attempt 3 at 15:46:29
31 http GET https://registry.npmjs.org/less
32 silly lockFile e13833ab-less less@
33 silly lockFile e13833ab-less less@
34 error network read ECONNRESET
34 error network This is most likely not a problem with npm itself
34 error network and is related to network connectivity.
34 error network In most cases you are behind a proxy or have bad network settings.
34 error network
34 error network If you are behind a proxy, please make sure that the
34 error network 'proxy' config is set properly.  See: 'npm help config'
35 error System Linux 3.2.0-4-686-pae
36 error command "/usr/bin/node" "/usr/bin/npm" "install" "-g" "less"
37 error cwd /home/jacko/Node
38 error node -v v0.10.33
39 error npm -v 1.4.28
40 error syscall read
41 error code ECONNRESET
42 error errno ECONNRESET
43 verbose exit [ 1, true ]
